Arguments: 
  /usr/local/bin/node /usr/local/Cellar/yarn/1.19.1/libexec/bin/yarn.js init

PATH: 
  /Users/akropp/.npm/bin:/Users/akropp/.rvm/gems/ruby-2.6.5/bin:/Users/akropp/.rvm/gems/ruby-2.6.5@global/bin:/Users/akropp/.rvm/rubies/ruby-2.6.5/bin:/usr/local/bin:/usr/local/sbin:/usr/bin:/bin:/usr/sbin:/sbin:/usr/local/go/bin:/Users/akropp/.rvm/bin:/Users/akropp/.yadr/bin:/Users/akropp/.yadr/bin/yadr:/Users/akropp/src/EnvZ/modules/scripts:/Users/akropp/bin:/Users/akropp/Library/Python/3.7/bin:/Users/akropp/Library/Android/sdk/emulator:/Users/akropp/Library/Android/sdk/tools:/Users/akropp/Library/Android/sdk/tools/bin:/Users/akropp/Library/Android/sdk/platform-tools://Users/akropp/go/bin:/usr/local/opt/fzf/bin:/Users/akropp/.rvm/bin

Yarn version: 
  1.19.1

Node version: 
  10.16.3

Platform: 
  darwin x64

Trace: 
  Error: canceled
      at Interface.<anonymous> (/usr/local/Cellar/yarn/1.19.1/libexec/lib/cli.js:136824:13)
      at Interface.emit (events.js:198:13)
      at Interface._ttyWrite (readline.js:801:16)
      at ReadStream.onkeypress (readline.js:184:10)
      at ReadStream.emit (events.js:198:13)
      at emitKeys (internal/readline.js:424:14)
      at emitKeys.next (<anonymous>)
      at ReadStream.onData (readline.js:1075:36)
      at ReadStream.emit (events.js:198:13)
      at addChunk (_stream_readable.js:288:12)

npm manifest: 
  No manifest

yarn manifest: 
  No manifest

Lockfile: 
  No lockfile
